# JRE version: Java(TM) SE Runtime Environment (8.0_152-b16) (build 1.8.0_152-b16)
# Java VM: Java HotSpot(TM) 64-Bit Server VM (25.152-b16 mixed mode windows-amd64 compressed oops)
Heap:
 PSYoungGen      total 166912K, used 12135K [0x00000000d5e00000, 0x00000000e2280000, 0x0000000100000000)
  eden space 152064K, 0% used [0x00000000d5e00000,0x00000000d5e00000,0x00000000df280000)
  from space 14848K, 81% used [0x00000000e0200000,0x00000000e0dd9d98,0x00000000e1080000)
  to   space 15872K, 0% used [0x00000000df280000,0x00000000df280000,0x00000000e0200000)
 ParOldGen       total 56320K, used 15166K [0x0000000081a00000, 0x0000000085100000, 0x00000000d5e00000)
  object space 56320K, 26% used [0x0000000081a00000,0x00000000828cf888,0x0000000085100000)
 Metaspace       used 34057K, capacity 35424K, committed 35496K, reserved 1079296K
  class space    used 4567K, capacity 4860K, committed 4864K, reserved 1048576K
GC Heap History (10 events):
Event: 3.623 GC heap after
Heap after GC invocations=5 (full 1):
 PSYoungGen      total 71680K, used 0K [0x00000000d5e00000, 0x00000000da900000, 0x0000000100000000)
  eden space 66560K, 0% used [0x00000000d5e00000,0x00000000d5e00000,0x00000000d9f00000)
  from space 5120K, 0% used [0x00000000da400000,0x00000000da400000,0x00000000da900000)
  to   space 5120K, 0% used [0x00000000d9f00000,0x00000000d9f00000,0x00000000da400000)
 ParOldGen       total 56320K, used 7042K [0x0000000081a00000, 0x0000000085100000, 0x00000000d5e00000)
  object space 56320K, 12% used [0x0000000081a00000,0x00000000820e0b60,0x0000000085100000)
 Metaspace       used 20568K, capacity 21190K, committed 21296K, reserved 1067008K
  class space    used 2745K, capacity 2915K, committed 2944K, reserved 1048576K
}
Event: 4.457 GC heap before
{Heap before GC invocations=6 (full 1):
 PSYoungGen      total 71680K, used 66560K [0x00000000d5e00000, 0x00000000da900000, 0x0000000100000000)
  eden space 66560K, 100% used [0x00000000d5e00000,0x00000000d9f00000,0x00000000d9f00000)
  from space 5120K, 0% used [0x00000000da400000,0x00000000da400000,0x00000000da900000)
  to   space 5120K, 0% used [0x00000000d9f00000,0x00000000d9f00000,0x00000000da400000)
 ParOldGen       total 56320K, used 7042K [0x0000000081a00000, 0x0000000085100000, 0x00000000d5e00000)
  object space 56320K, 12% used [0x0000000081a00000,0x00000000820e0b60,0x0000000085100000)
 Metaspace       used 24627K, capacity 25480K, committed 25600K, reserved 1071104K
  class space    used 3311K, capacity 3504K, committed 3584K, reserved 1048576K
Event: 4.476 GC heap after
Heap after GC invocations=6 (full 1):
 PSYoungGen      total 71680K, used 5090K [0x00000000d5e00000, 0x00000000dd980000, 0x0000000100000000)
  eden space 66560K, 0% used [0x00000000d5e00000,0x00000000d5e00000,0x00000000d9f00000)
  from space 5120K, 99% used [0x00000000d9f00000,0x00000000da3f8b80,0x00000000da400000)
  to   space 10752K, 0% used [0x00000000dcf00000,0x00000000dcf00000,0x00000000dd980000)
 ParOldGen       total 56320K, used 11619K [0x0000000081a00000, 0x0000000085100000, 0x00000000d5e00000)
  object space 56320K, 20% used [0x0000000081a00000,0x0000000082558c88,0x0000000085100000)
 Metaspace       used 24627K, capacity 25480K, committed 25600K, reserved 1071104K
  class space    used 3311K, capacity 3504K, committed 3584K, reserved 1048576K
}
Event: 5.200 GC heap before
{Heap before GC invocations=7 (full 1):
 PSYoungGen      total 71680K, used 71604K [0x00000000d5e00000, 0x00000000dd980000, 0x0000000100000000)
  eden space 66560K, 99% used [0x00000000d5e00000,0x00000000d9ef44d8,0x00000000d9f00000)
  from space 5120K, 99% used [0x00000000d9f00000,0x00000000da3f8b80,0x00000000da400000)
  to   space 10752K, 0% used [0x00000000dcf00000,0x00000000dcf00000,0x00000000dd980000)
 ParOldGen       total 56320K, used 11619K [0x0000000081a00000, 0x0000000085100000, 0x00000000d5e00000)
  object space 56320K, 20% used [0x0000000081a00000,0x0000000082558c88,0x0000000085100000)
 Metaspace       used 27932K, capacity 28944K, committed 29184K, reserved 1075200K
  class space    used 3785K, capacity 4014K, committed 4096K, reserved 1048576K
Event: 5.231 GC heap after
Heap after GC invocations=7 (full 1):
 PSYoungGen      total 113664K, used 9914K [0x00000000d5e00000, 0x00000000dd980000, 0x0000000100000000)
  eden space 102912K, 0% used [0x00000000d5e00000,0x00000000d5e00000,0x00000000dc280000)
  from space 10752K, 92% used [0x00000000dcf00000,0x00000000dd8ae838,0x00000000dd980000)
  to   space 11776K, 0% used [0x00000000dc280000,0x00000000dc280000,0x00000000dce00000)
 ParOldGen       total 56320K, used 11691K [0x0000000081a00000, 0x0000000085100000, 0x00000000d5e00000)
  object space 56320K, 20% used [0x0000000081a00000,0x000000008256ac98,0x0000000085100000)
 Metaspace       used 27932K, capacity 28944K, committed 29184K, reserved 1075200K
  class space    used 3785K, capacity 4014K, committed 4096K, reserved 1048576K
}
Event: 6.710 GC heap before
{Heap before GC invocations=8 (full 1):
 PSYoungGen      total 113664K, used 112826K [0x00000000d5e00000, 0x00000000dd980000, 0x0000000100000000)
  eden space 102912K, 100% used [0x00000000d5e00000,0x00000000dc280000,0x00000000dc280000)
  from space 10752K, 92% used [0x00000000dcf00000,0x00000000dd8ae838,0x00000000dd980000)
  to   space 11776K, 0% used [0x00000000dc280000,0x00000000dc280000,0x00000000dce00000)
 ParOldGen       total 56320K, used 11691K [0x0000000081a00000, 0x0000000085100000, 0x00000000d5e00000)
  object space 56320K, 20% used [0x0000000081a00000,0x000000008256ac98,0x0000000085100000)
 Metaspace       used 33718K, capacity 35072K, committed 35328K, reserved 1079296K
  class space    used 4532K, capacity 4828K, committed 4864K, reserved 1048576K
Event: 6.736 GC heap after
Heap after GC invocations=8 (full 1):
 PSYoungGen      total 114688K, used 11766K [0x00000000d5e00000, 0x00000000e1080000, 0x0000000100000000)
  eden space 102912K, 0% used [0x00000000d5e00000,0x00000000d5e00000,0x00000000dc280000)
  from space 11776K, 99% used [0x00000000dc280000,0x00000000dcdfda60,0x00000000dce00000)
  to   space 14848K, 0% used [0x00000000e0200000,0x00000000e0200000,0x00000000e1080000)
 ParOldGen       total 56320K, used 15158K [0x0000000081a00000, 0x0000000085100000, 0x00000000d5e00000)
  object space 56320K, 26% used [0x0000000081a00000,0x00000000828cd888,0x0000000085100000)
 Metaspace       used 33718K, capacity 35072K, committed 35328K, reserved 1079296K
  class space    used 4532K, capacity 4828K, committed 4864K, reserved 1048576K
}
Event: 6.777 GC heap before
{Heap before GC invocations=9 (full 1):
 PSYoungGen      total 114688K, used 16809K [0x00000000d5e00000, 0x00000000e1080000, 0x0000000100000000)
  eden space 102912K, 4% used [0x00000000d5e00000,0x00000000d62ecd90,0x00000000dc280000)
  from space 11776K, 99% used [0x00000000dc280000,0x00000000dcdfda60,0x00000000dce00000)
  to   space 14848K, 0% used [0x00000000e0200000,0x00000000e0200000,0x00000000e1080000)
 ParOldGen       total 56320K, used 15158K [0x0000000081a00000, 0x0000000085100000, 0x00000000d5e00000)
  object space 56320K, 26% used [0x0000000081a00000,0x00000000828cd888,0x0000000085100000)
 Metaspace       used 34057K, capacity 35424K, committed 35496K, reserved 1079296K
  class space    used 4567K, capacity 4860K, committed 4864K, reserved 1048576K
Event: 6.794 GC heap after
Heap after GC invocations=9 (full 1):
 PSYoungGen      total 166912K, used 12135K [0x00000000d5e00000, 0x00000000e2280000, 0x0000000100000000)
  eden space 152064K, 0% used [0x00000000d5e00000,0x00000000d5e00000,0x00000000df280000)
  from space 14848K, 81% used [0x00000000e0200000,0x00000000e0dd9d98,0x00000000e1080000)
  to   space 15872K, 0% used [0x00000000df280000,0x00000000df280000,0x00000000e0200000)
 ParOldGen       total 56320K, used 15166K [0x0000000081a00000, 0x0000000085100000, 0x00000000d5e00000)
  object space 56320K, 26% used [0x0000000081a00000,0x00000000828cf888,0x0000000085100000)
 Metaspace       used 34057K, capacity 35424K, committed 35496K, reserved 1079296K
  class space    used 4567K, capacity 4860K, committed 4864K, reserved 1048576K
}
Event: 6.794 GC heap before
{Heap before GC invocations=10 (full 2):
 PSYoungGen      total 166912K, used 12135K [0x00000000d5e00000, 0x00000000e2280000, 0x0000000100000000)
  eden space 152064K, 0% used [0x00000000d5e00000,0x00000000d5e00000,0x00000000df280000)
  from space 14848K, 81% used [0x00000000e0200000,0x00000000e0dd9d98,0x00000000e1080000)
  to   space 15872K, 0% used [0x00000000df280000,0x00000000df280000,0x00000000e0200000)
 ParOldGen       total 56320K, used 15166K [0x0000000081a00000, 0x0000000085100000, 0x00000000d5e00000)
  object space 56320K, 26% used [0x0000000081a00000,0x00000000828cf888,0x0000000085100000)
 Metaspace       used 34057K, capacity 35424K, committed 35496K, reserved 1079296K
  class space    used 4567K, capacity 4860K, committed 4864K, reserved 1048576K

